REPOSITORY            TAG                 IMAGE ID            CREATED             SIZE
arh/ubuntu-tmp-file   latest              18efadb400b4        6 minutes ago       86.2MB
ubuntu                18.04               93fd78260bd1        4 days ago          86.2MB
hello-world           latest              4ab4c602aa5e        2 months ago        1.84kB
---
Сб дек 29 16:36:41 MSK 2018
$ docker image ls
REPOSITORY                              TAG                 IMAGE ID            CREATED             SIZE
molecule_local/ubuntu-upstart           12.04               b3f6248c5887        3 days ago          279MB
molecule_local/ubuntu-upstart           14.04               1f0406bd5d42        3 days ago          451MB
molecule_local/ubuntu                   16.04               19438ecf9382        3 days ago          202MB
aarkhan/alpine-hello                    v0.2                bf585184d86a        5 days ago          4.41MB
aarkhan/alpine-hello                    v0.1                92829cb2c669        5 days ago          4.41MB
arh/ubuntu-tmp-file                     latest              37938326998b        8 days ago          116MB
myhello                                 latest              f0b23124f556        10 days ago         4.51MB
<none>                                  <none>              aa20f6ec4ce9        2 weeks ago         177MB
molecule_local/centos                   7                   de544306c789        2 weeks ago         226MB
centos                                  7                   1e1148e4cc2c        3 weeks ago         202MB
ubuntu                                  16.04               a51debf7e1eb        5 weeks ago         116MB
ubuntu                                  latest              93fd78260bd1        5 weeks ago         86.2MB
geerlingguy/docker-ubuntu1604-ansible   latest              98c57b25ae9f        2 months ago        308MB
geerlingguy/docker-ubuntu1804-ansible   latest              571d4a05021c        2 months ago        283MB
geerlingguy/docker-centos7-ansible      latest              2e5bbf0fbcee        2 months ago        355MB
alpine                                  latest              196d12cf6ab1        3 months ago        4.41MB
hello-world                             latest              4ab4c602aa5e        3 months ago        1.84kB
aarkhan/docker-whale                    latest              4821c094d895        2 years ago         275MB
ubuntu-upstart                          14.04               b28219773b9b        2 years ago         253MB
ubuntu-upstart                          12.04               7deb309f45b8        2 years ago         181MB
docker/whalesay                         latest              6b362a9f73eb        3 years ago         247MB
